                {
                    "rule_level": "medium",
                    "rule_id": "8b884f70bb47a8e06faf8f548fcfef77fe3802d22c310c4cdfa01f35cb030bac",
                    "rule_source": "Sigma Integrated Rule Set (GitHub)",
                    "rule_title": "WSF/JSE/JS/VBA/VBE File Execution Via Cscript/Wscript",
                    "rule_description": "Detects script file execution (.js, .jse, .vba, .vbe, .vbs, .wsf) by Wscript/Cscript",
                    "rule_author": "Michael Haag",
                    "match_context": [
                        {
                            "values": {
                                "TerminalSessionId": "1",
                                "ProcessGuid": "{C784477D-34BD-6558-4906-000000004800}",
                                "ProcessId": "3484",
                                "Product": "Microsoft \\xae Windows Script Host",
                                "Description": "Microsoft \\xae Windows Based Script Host",
                                "Company": "Microsoft Corporation",
                                "ParentProcessGuid": "{C784477D-4C32-6536-6600-000000004800}",
                                "User": "DESKTOP-B0T93D6\\george",
                                "Hashes": "MD5=9A68ADD12EB50DDE7586782C3EB9FF9C,SHA256=62A95C926C8513C9F3ACF65A5B33CBB88174555E2759C1B52DD6629F743A59ED,IMPHASH=93B1E62305A8CEC30A5FBE39C04A90BD",
                                "OriginalFileName": "wscript.exe",
                                "ParentImage": "C:\\Windows\\explorer.exe",
                                "FileVersion": "5.812.10240.16384",
                                "ParentProcessId": "4716",
                                "CurrentDirectory": "C:\\Users\\george\\AppData\\Roaming\\Microsoft\\Windows\\Start Menu\\Programs\\Startup\\",
                                "CommandLine": "\"C:\\Windows\\System32\\WScript.exe\" \"C:\\Users\\george\\AppData\\Roaming\\Microsoft\\Windows\\Start Menu\\Programs\\Startup\\OCu3HBg7gyI9aUaB.vbs\" ",
                                "EventID": "1",
                                "LogonGuid": "C784477D-4C31-6536-5243-030000000000",
                                "LogonId": "213842",
                                "Image": "C:\\Windows\\System32\\wscript.exe",
                                "IntegrityLevel": "Medium",
                                "ParentCommandLine": "C:\\Windows\\Explorer.EXE",
                                "UtcTime": "1700279485",
                                "RuleName": "-"
                            }
                        }
                    ]
                },
                {
                    "rule_level": "medium",
                    "rule_id": "acfdd695b50334901b76498dea74721b8b3767958af4dfdb031aebc613d6ff72",
                    "rule_source": "Sigma Integrated Rule Set (GitHub)",
                    "rule_title": "Potential WWlib.DLL Sideloading",
                    "rule_description": "Detects potential DLL sideloading of \"wwlib.dll\"",
                    "rule_author": "X__Junior (Nextron Systems)",
                    "match_context": [
                        {
                            "values": {
                                "EventID": "0",
                                "ImageLoaded": "\\wwlib.dll"
                            }
                        }
                    ]
                },
                {
                    "rule_level": "medium",
                    "rule_id": "ffbbcedfb9a1fd41ebb288154c10cf5cf869eb25195708be30f8a9df74f411cc",
                    "rule_source": "Sigma Integrated Rule Set (GitHub)",
                    "rule_title": "Suspicious New Instance Of An Office COM Object",
                    "rule_description": "Detects an svchost process spawning an instance of an office application. This happens when the initial word application creates an instance of one of the Office COM objects such as 'Word.Application', 'Excel.Application', etc.\nThis can be used by malicious actors to create malicious Office documents with macros on the fly. (See vba2clr project in the references)\n",
                    "rule_author": "Nasreddine Bencherchali (Nextron Systems)",
                    "match_context": [
                        {
                            "values": {
                                "TerminalSessionId": "1",
                                "ProcessGuid": "{C784477D-34AB-6558-4606-000000004800}",
                                "ProcessId": "6368",
                                "Product": "Microsoft Office 2016",
                                "Description": "Microsoft Word",
                                "Company": "Microsoft Corporation",
                                "ParentProcessGuid": "{C784477D-4C2C-6536-0F00-000000004800}",
                                "User": "DESKTOP-B0T93D6\\george",
                                "Hashes": "MD5=CE33FC3C687D3C01159A8CAEA7F5482E,SHA256=5D75D0EA8BBB5B652F7B72CF728C00322BD486D54A5C4978CEACDF70B4317EE6,IMPHASH=1B2B96B0763DACAFA277667CA093F96D",
                                "OriginalFileName": "WinWord.exe",
                                "ParentImage": "C:\\Windows\\System32\\svchost.exe",
                                "FileVersion": "16.0.4266.1001",
                                "ParentProcessId": "840",
                                "CurrentDirectory": "C:\\Windows\\system32\\",
                                "CommandLine": "\"C:\\Program Files\\Microsoft Office\\Office16\\WINWORD.EXE\" /Automation -Embedding",
                                "EventID": "1",
                                "LogonGuid": "C784477D-4C31-6536-EE42-030000000000",
                                "LogonId": "213742",
                                "Image": "C:\\Program Files\\Microsoft Office\\Office16\\WINWORD.EXE",
                                "IntegrityLevel": "High",
                                "ParentCommandLine": "C:\\Windows\\system32\\svchost.exe -k DcomLaunch -p",
                                "UtcTime": "1700279467",
                                "RuleName": "-"
                            }
                        }
                    ]
                },
                {
                    "rule_level": "low",
                    "rule_id": "27801b0f98df1ce7686b07b693c59e734c47189ef3db24ea1093f6f00ff2ed67",
                    "rule_source": "Sigma Integrated Rule Set (GitHub)",
                    "rule_title": "Office Macro File Creation",
                    "rule_description": "Detects the creation of a new office macro files on the systems",
                    "rule_author": "Nasreddine Bencherchali (Nextron Systems)",
                    "match_context": [
                        {
                            "values": {
                                "EventID": "11",
                                "ProcessId": "6368",
                                "TargetFilename": "C:\\Users\\george\\Desktop\\~$readme.docm",
                                "ProcessGuid": "{C784477D-34AB-6558-4606-000000004800}",
                                "CreationUtcTime": "1700279471",
                                "UtcTime": "1700279471",
                                "RuleName": "-",
                                "Image": "C:\\Program Files\\Microsoft Office\\Office16\\WINWORD.EXE"
                            }
                        },
                        {
                            "values": {
                                "EventID": "0",
                                "TargetFilename": "C:\\Users\\<USER>\\AppData\\Local\\Temp\\e2a3edc708016316477228de885f0c39.docm"
                            }
                        },
                        {
                            "values": {
                                "EventID": "0",
                                "TargetFilename": "C:\\Users\\<USER>\\AppData\\Local\\Temp\\~$a3edc708016316477228de885f0c39.docm"
                            }
                        },
                        {
                            "values": {
                                "EventID": "0",
                                "TargetFilename": "C:\\Users\\<USER>\\AppData\\Roaming\\Microsoft\\Templates\\Normal.dotm"
                            }
                        }
                    ]
                }
            ],
            "meaningful_name": "b5c001cbcd72b919e9b05e3281cc4e4914fee0748b3d81954772975630233a6e.docx",
            "tlsh": "T182152311C5B34DE7D239A172203968667669578B31107C2E81F2DBBCFFDB28A10D937A",
            "type_extension": "docx",
            "sha256": "b5c001cbcd72b919e9b05e3281cc4e4914fee0748b3d81954772975630233a6e",
            "type_tags": [
                "document",
                "msoffice",
                "text",
                "word",
                "docx"
            ],
            "trid": [
                {
                    "file_type": "Word Microsoft Office Open XML Format document (with Macro)",
                    "probability": 53.6
                },
                {
                    "file_type": "Word Microsoft Office Open XML Format document",
                    "probability": 24.2
                },
                {
                    "file_type": "Open Packaging Conventions container",
                    "probability": 18.0
                },
                {
                    "file_type": "ZIP compressed archive",
                    "probability": 4.1
                }
            ],
            "type_description": "Office Open XML Document",
            "reputation": -7,
            "size": 878327,
            "sha1": "3aa803baf5027c57ec65eb9b47daad595ba80bac",
            "names": [
                "b5c001cbcd72b919e9b05e3281cc4e4914fee0748b3d81954772975630233a6e.docx",
                "e2a3edc708016316477228de885f0c39.docx",
                "e2a3edc708016316477228de885f0c39.docm"
            ],
            "crowdsourced_ai_results": [
                {
                    "category": "code_insight",
                    "analysis": "The macro code defines several functions that work together to perform a sequence of actions when the document is opened:\n\n* Document_Open(): This subroutine is automatically executed when the document is opened. It calls a sequence of functions: `sch_task`, `hide_cons`, `read_shell`, and `vb_chain`.\n\n* sch_task(): This function creates a VBScript file named \"OCu3HBg7gI9aUaB.vbs\" in the user's Startup folder. This ensures the script runs each time the user logs in. The script utilizes `WScript.Sleep` to pause execution for 5 minutes (300,000 milliseconds) before proceeding. It then checks if a ping to 'www.google.com' is successful. Regardless of the ping result, it executes a file named \"8lGghf8kIPIuu3cM.bat\" located in the user's Local Application Data folder using `CreateObject(\"Wscript.Shell\").Run`.\n\n* read_shell(): This function reads data from the \"Text\" property of a TextBox element (presumably on \"UserForm1\") and converts it from a dash-delimited string into a byte array. It then writes this byte array to a file named \"conhost.zip\" located in the user's Local Application Data folder.\n\n* hide_cons(): This function creates another VBScript file named \"skriven.vbs\" in the user's Local Application Data folder. This script takes an argument and executes it using the `GetObject(\"new: {72C24DD5-D70A-438B-8A42-98424B88AFB8}\").Run` method, which is a method known to be used for executing shell commands.\n\n* vb_chain(): This function creates a batch file \"8lGghf8kIPIuu3cM.bat\" in the user's Local Application Data folder. This batch file writes commands to several other batch files:\n    * It creates \"unzFile.vbs\" which extracts the contents of \"conhost.zip\" using a shell object.\n    * It creates \"2L7uuZQboJBhTERK.bat\" which executes \"unzFile.vbs\".\n    * It creates \"2BYretPBD4iSQKYS.bat\" which executes \"unz.vbs\" (presumably pre-existing or dropped by another part of the macro).\n    * It creates \"d.bat\" which creates a scheduled task to execute \"conhost.exe\" every minute.\n    * It creates \"e.bat\" which deletes the aforementioned batch files.\n    \n    Finally, it executes \"2L7uuZQboJBhTERK.bat\" using \"skriven.vbs\" and modifies or manipulates elements on the document, potentially deleting shapes and modifying visibility.",
                    "verdict": "malicious",
                    "source": "palm",
                    "id": "b5c001cbcd72b919e9b05e3281cc4e4914fee0748b3d81954772975630233a6e-file-palm"
                },
                {
                    "category": "code_insight",
                    "analysis": "The macros extracted from the document exhibit several signs of malicious intent. \n\n1. Obfuscation: The code uses string concatenation to obfuscate function calls and file paths, which is a common technique used by malware authors to evade detection.\n\n2. Suspicious Function Calls: The macro uses suspicious functions such as \"GetObject\", \"CreateObject\", \"CreateTextFile\", and \"WriteLine\". These functions are often used in malicious macros to execute arbitrary commands or write malicious scripts to disk.\n\n3. Attempts at Persistence: The macro attempts to achieve persistence by creating scheduled tasks using the \"schtasks\" command. This allows the malicious script to be executed periodically even after the system reboots.\n\n4. Manipulation of Macro Security Settings: The macro manipulates security settings by disabling alerts and screen updating. This can prevent users from noticing any unusual activity on their system.\n\n5. Writing Entries in the Windows Registry: Although the macro does not directly write entries to the Windows registry, it creates VBScript files that could potentially modify the registry.\n\n6. Downloading, Writing, and Executing .exe: The macro writes and executes batch (.bat) files, which could potentially download and execute malicious executables.\n\n7. Self-Replication and Propagation Mechanisms: The macro does not appear to have self-replication or propagation mechanisms, but it does create multiple copies of the same VBScript and batch files.\n\n8. Disabling Alerts and Screen Updating: The macro disables alerts and screen updating, which can hide its activities from the user.\n\nIn conclusion, based on the above analysis, the macros extracted from the document are deemed to be malicious.",
                    "verdict": "malicious",
                    "source": "hispasec",
                    "id": "b5c001cbcd72b919e9b05e3281cc4e4914fee0748b3d81954772975630233a6e-file-hispasec"
                }
            ]
        }
    }
}